<?xml version="1.0" encoding="UTF-8"?>
<testng-results skipped="0" failed="0" ignored="0" total="1" passed="1">
  <reporter-output>
    <line>
      <![CDATA[pass]]>
    </line>
  </reporter-output>
  <suite name="Suite" duration-ms="82" started-at="2023-01-07T19:49:33 IST" finished-at="2023-01-07T19:49:33 IST">
    <groups>
    </groups>
    <test name="Test" duration-ms="82" started-at="2023-01-07T19:49:33 IST" finished-at="2023-01-07T19:49:33 IST">
      <class name="Example.PracticeEx1">
        <test-method status="PASS" signature="example1()[pri:0, instance:Example.PracticeEx1@6b09bb57]" name="example1" duration-ms="13" started-at="2023-01-07T19:49:33 IST" finished-at="2023-01-07T19:49:33 IST">
          <reporter-output>
            <line>
              <![CDATA[pass]]>
            </line>
          </reporter-output>
        </test-method> <!-- example1 -->
      </class> <!-- Example.PracticeEx1 -->
    </test> <!-- Test -->
  </suite> <!-- Suite -->
</testng-results>
