<?xml version="1.0" encoding="UTF-8"?>
<testng-results ignored="0" total="1" passed="1" failed="0" skipped="0">
  <reporter-output>
    <line>
      <![CDATA[pass]]>
    </line>
  </reporter-output>
  <suite started-at="2023-01-07T11:04:56 IST" name="Default suite" finished-at="2023-01-07T11:04:56 IST" duration-ms="68">
    <groups>
    </groups>
    <test started-at="2023-01-07T11:04:56 IST" name="Default test" finished-at="2023-01-07T11:04:56 IST" duration-ms="68">
      <class name="Example.PracticeEx1">
        <test-method signature="example1()[pri:0, instance:Example.PracticeEx1@4da4253]" started-at="2023-01-07T11:04:56 IST" name="example1" finished-at="2023-01-07T11:04:56 IST" duration-ms="15" status="PASS">
          <reporter-output>
            <line>
              <![CDATA[pass]]>
            </line>
          </reporter-output>
        </test-method> <!-- example1 -->
      </class> <!-- Example.PracticeEx1 -->
    </test> <!-- Default test -->
  </suite> <!-- Default suite -->
</testng-results>
